2013/06/14 16:26:10 [error] [exception.CHttpException.400] exception 'CHttpException' with message 'Su solicitud es inválida.' in /var/www/yii/framework/web/CController.php:336
Stack trace:
#0 /var/www/yii/framework/web/CController.php(309): CController->invalidActionParams(Object(CInlineAction))
#1 /var/www/yii/framework/web/filters/CFilterChain.php(133): CController->runAction(Object(CInlineAction))
#2 /var/www/yii/framework/web/filters/CFilter.php(40): CFilterChain->run()
#3 /var/www/yii/framework/web/CController.php(1145): CFilter->filter(Object(CFilterChain))
#4 /var/www/yii/framework/web/filters/CInlineFilter.php(58): CController->filterAccessControl(Object(CFilterChain))
#5 /var/www/yii/framework/web/filters/CFilterChain.php(130): CInlineFilter->filter(Object(CFilterChain))
#6 /var/www/yii/framework/web/CController.php(291): CFilterChain->run()
#7 /var/www/yii/framework/web/CController.php(265): CController->runActionWithFilters(Object(CInlineAction), Array)
#8 /var/www/yii/framework/web/CWebApplication.php(282): CController->run('update')
#9 /var/www/yii/framework/web/CWebApplication.php(141): CWebApplication->runController('contenidos/upda...')
#10 /var/www/yii/framework/base/CApplication.php(169): CWebApplication->processRequest()
#11 /var/www/condor-tutorial-master/index.php(13): CApplication->run()
#12 {main}
REQUEST_URI=/condor-tutorial-master/contenidos/update/images/HTML5-3D-Effects.png
HTTP_REFERER=http://localhost/condor-tutorial-master/contenidos/update/id/14
---
2013/06/14 16:26:10 [error] [exception.CHttpException.400] exception 'CHttpException' with message 'Su solicitud es inválida.' in /var/www/yii/framework/web/CController.php:336
Stack trace:
#0 /var/www/yii/framework/web/CController.php(309): CController->invalidActionParams(Object(CInlineAction))
#1 /var/www/yii/framework/web/filters/CFilterChain.php(133): CController->runAction(Object(CInlineAction))
#2 /var/www/yii/framework/web/filters/CFilter.php(40): CFilterChain->run()
#3 /var/www/yii/framework/web/CController.php(1145): CFilter->filter(Object(CFilterChain))
#4 /var/www/yii/framework/web/filters/CInlineFilter.php(58): CController->filterAccessControl(Object(CFilterChain))
#5 /var/www/yii/framework/web/filters/CFilterChain.php(130): CInlineFilter->filter(Object(CFilterChain))
#6 /var/www/yii/framework/web/CController.php(291): CFilterChain->run()
#7 /var/www/yii/framework/web/CController.php(265): CController->runActionWithFilters(Object(CInlineAction), Array)
#8 /var/www/yii/framework/web/CWebApplication.php(282): CController->run('update')
#9 /var/www/yii/framework/web/CWebApplication.php(141): CWebApplication->runController('contenidos/upda...')
#10 /var/www/yii/framework/base/CApplication.php(169): CWebApplication->processRequest()
#11 /var/www/condor-tutorial-master/index.php(13): CApplication->run()
#12 {main}
REQUEST_URI=/condor-tutorial-master/contenidos/update/images/HTML5-Styling.png
HTTP_REFERER=http://localhost/condor-tutorial-master/contenidos/update/id/14
---
2013/06/14 16:26:10 [error] [exception.CHttpException.400] exception 'CHttpException' with message 'Su solicitud es inválida.' in /var/www/yii/framework/web/CController.php:336
Stack trace:
#0 /var/www/yii/framework/web/CController.php(309): CController->invalidActionParams(Object(CInlineAction))
#1 /var/www/yii/framework/web/filters/CFilterChain.php(133): CController->runAction(Object(CInlineAction))
#2 /var/www/yii/framework/web/filters/CFilter.php(40): CFilterChain->run()
#3 /var/www/yii/framework/web/CController.php(1145): CFilter->filter(Object(CFilterChain))
#4 /var/www/yii/framework/web/filters/CInlineFilter.php(58): CController->filterAccessControl(Object(CFilterChain))
#5 /var/www/yii/framework/web/filters/CFilterChain.php(130): CInlineFilter->filter(Object(CFilterChain))
#6 /var/www/yii/framework/web/CController.php(291): CFilterChain->run()
#7 /var/www/yii/framework/web/CController.php(265): CController->runActionWithFilters(Object(CInlineAction), Array)
#8 /var/www/yii/framework/web/CWebApplication.php(282): CController->run('update')
#9 /var/www/yii/framework/web/CWebApplication.php(141): CWebApplication->runController('contenidos/upda...')
#10 /var/www/yii/framework/base/CApplication.php(169): CWebApplication->processRequest()
#11 /var/www/condor-tutorial-master/index.php(13): CApplication->run()
#12 {main}
REQUEST_URI=/condor-tutorial-master/contenidos/update/images/twitter.png
HTTP_REFERER=http://localhost/condor-tutorial-master/contenidos/update/id/14
---
2013/06/14 16:26:10 [error] [exception.CHttpException.400] exception 'CHttpException' with message 'Su solicitud es inválida.' in /var/www/yii/framework/web/CController.php:336
Stack trace:
#0 /var/www/yii/framework/web/CController.php(309): CController->invalidActionParams(Object(CInlineAction))
#1 /var/www/yii/framework/web/filters/CFilterChain.php(133): CController->runAction(Object(CInlineAction))
#2 /var/www/yii/framework/web/filters/CFilter.php(40): CFilterChain->run()
#3 /var/www/yii/framework/web/CController.php(1145): CFilter->filter(Object(CFilterChain))
#4 /var/www/yii/framework/web/filters/CInlineFilter.php(58): CController->filterAccessControl(Object(CFilterChain))
#5 /var/www/yii/framework/web/filters/CFilterChain.php(130): CInlineFilter->filter(Object(CFilterChain))
#6 /var/www/yii/framework/web/CController.php(291): CFilterChain->run()
#7 /var/www/yii/framework/web/CController.php(265): CController->runActionWithFilters(Object(CInlineAction), Array)
#8 /var/www/yii/framework/web/CWebApplication.php(282): CController->run('update')
#9 /var/www/yii/framework/web/CWebApplication.php(141): CWebApplication->runController('contenidos/upda...')
#10 /var/www/yii/framework/base/CApplication.php(169): CWebApplication->processRequest()
#11 /var/www/condor-tutorial-master/index.php(13): CApplication->run()
#12 {main}
REQUEST_URI=/condor-tutorial-master/contenidos/update/images/HTML5-Multimedia.png
HTTP_REFERER=http://localhost/condor-tutorial-master/contenidos/update/id/14
---
2013/06/14 16:26:10 [error] [exception.CHttpException.404] exception 'CHttpException' with message 'The requested page does not exist.' in /var/www/condor-tutorial-master/protected/controllers/ContenidosController.php:160
Stack trace:
#0 /var/www/condor-tutorial-master/protected/controllers/ContenidosController.php(88): ContenidosController->loadModel('images')
#1 [internal function]: ContenidosController->actionUpdate('images')
#2 /var/www/yii/framework/web/actions/CAction.php(108): ReflectionMethod->invokeArgs(Object(ContenidosController), Array)
#3 /var/www/yii/framework/web/actions/CInlineAction.php(47): CAction->runWithParamsInternal(Object(ContenidosController), Object(ReflectionMethod), Array)
#4 /var/www/yii/framework/web/CController.php(308): CInlineAction->runWithParams(Array)
#5 /var/www/yii/framework/web/filters/CFilterChain.php(133): CController->runAction(Object(CInlineAction))
#6 /var/www/yii/framework/web/filters/CFilter.php(40): CFilterChain->run()
#7 /var/www/yii/framework/web/CController.php(1145): CFilter->filter(Object(CFilterChain))
#8 /var/www/yii/framework/web/filters/CInlineFilter.php(58): CController->filterAccessControl(Object(CFilterChain))
#9 /var/www/yii/framework/web/filters/CFilterChain.php(130): CInlineFilter->filter(Object(CFilterChain))
#10 /var/www/yii/framework/web/CController.php(291): CFilterChain->run()
#11 /var/www/yii/framework/web/CController.php(265): CController->runActionWithFilters(Object(CInlineAction), Array)
#12 /var/www/yii/framework/web/CWebApplication.php(282): CController->run('update')
#13 /var/www/yii/framework/web/CWebApplication.php(141): CWebApplication->runController('contenidos/upda...')
#14 /var/www/yii/framework/base/CApplication.php(169): CWebApplication->processRequest()
#15 /var/www/condor-tutorial-master/index.php(13): CApplication->run()
#16 {main}
REQUEST_URI=/condor-tutorial-master/contenidos/update/id/images/cuc-logo.png
HTTP_REFERER=http://localhost/condor-tutorial-master/contenidos/update/id/14
---
2013/06/14 16:26:28 [error] [exception.CHttpException.400] exception 'CHttpException' with message 'Su solicitud es inválida.' in /var/www/yii/framework/web/CController.php:336
Stack trace:
#0 /var/www/yii/framework/web/CController.php(309): CController->invalidActionParams(Object(CInlineAction))
#1 /var/www/yii/framework/web/filters/CFilterChain.php(133): CController->runAction(Object(CInlineAction))
#2 /var/www/yii/framework/web/filters/CFilter.php(40): CFilterChain->run()
#3 /var/www/yii/framework/web/CController.php(1145): CFilter->filter(Object(CFilterChain))
#4 /var/www/yii/framework/web/filters/CInlineFilter.php(58): CController->filterAccessControl(Object(CFilterChain))
#5 /var/www/yii/framework/web/filters/CFilterChain.php(130): CInlineFilter->filter(Object(CFilterChain))
#6 /var/www/yii/framework/web/CController.php(291): CFilterChain->run()
#7 /var/www/yii/framework/web/CController.php(265): CController->runActionWithFilters(Object(CInlineAction), Array)
#8 /var/www/yii/framework/web/CWebApplication.php(282): CController->run('view')
#9 /var/www/yii/framework/web/CWebApplication.php(141): CWebApplication->runController('contenidos/view...')
#10 /var/www/yii/framework/base/CApplication.php(169): CWebApplication->processRequest()
#11 /var/www/condor-tutorial-master/index.php(13): CApplication->run()
#12 {main}
REQUEST_URI=/condor-tutorial-master/contenidos/view/images/HTML5-Styling.png
HTTP_REFERER=http://localhost/condor-tutorial-master/contenidos/view/id/14
---
2013/06/14 16:26:28 [error] [exception.CHttpException.400] exception 'CHttpException' with message 'Su solicitud es inválida.' in /var/www/yii/framework/web/CController.php:336
Stack trace:
#0 /var/www/yii/framework/web/CController.php(309): CController->invalidActionParams(Object(CInlineAction))
#1 /var/www/yii/framework/web/filters/CFilterChain.php(133): CController->runAction(Object(CInlineAction))
#2 /var/www/yii/framework/web/filters/CFilter.php(40): CFilterChain->run()
#3 /var/www/yii/framework/web/CController.php(1145): CFilter->filter(Object(CFilterChain))
#4 /var/www/yii/framework/web/filters/CInlineFilter.php(58): CController->filterAccessControl(Object(CFilterChain))
#5 /var/www/yii/framework/web/filters/CFilterChain.php(130): CInlineFilter->filter(Object(CFilterChain))
#6 /var/www/yii/framework/web/CController.php(291): CFilterChain->run()
#7 /var/www/yii/framework/web/CController.php(265): CController->runActionWithFilters(Object(CInlineAction), Array)
#8 /var/www/yii/framework/web/CWebApplication.php(282): CController->run('view')
#9 /var/www/yii/framework/web/CWebApplication.php(141): CWebApplication->runController('contenidos/view...')
#10 /var/www/yii/framework/base/CApplication.php(169): CWebApplication->processRequest()
#11 /var/www/condor-tutorial-master/index.php(13): CApplication->run()
#12 {main}
REQUEST_URI=/condor-tutorial-master/contenidos/view/images/HTML5-Logo.png
HTTP_REFERER=http://localhost/condor-tutorial-master/contenidos/view/id/14
---
2013/06/14 16:26:28 [error] [exception.CHttpException.400] exception 'CHttpException' with message 'Su solicitud es inválida.' in /var/www/yii/framework/web/CController.php:336
Stack trace:
#0 /var/www/yii/framework/web/CController.php(309): CController->invalidActionParams(Object(CInlineAction))
#1 /var/www/yii/framework/web/filters/CFilterChain.php(133): CController->runAction(Object(CInlineAction))
#2 /var/www/yii/framework/web/filters/CFilter.php(40): CFilterChain->run()
#3 /var/www/yii/framework/web/CController.php(1145): CFilter->filter(Object(CFilterChain))
#4 /var/www/yii/framework/web/filters/CInlineFilter.php(58): CController->filterAccessControl(Object(CFilterChain))
#5 /var/www/yii/framework/web/filters/CFilterChain.php(130): CInlineFilter->filter(Object(CFilterChain))
#6 /var/www/yii/framework/web/CController.php(291): CFilterChain->run()
#7 /var/www/yii/framework/web/CController.php(265): CController->runActionWithFilters(Object(CInlineAction), Array)
#8 /var/www/yii/framework/web/CWebApplication.php(282): CController->run('view')
#9 /var/www/yii/framework/web/CWebApplication.php(141): CWebApplication->runController('contenidos/view...')
#10 /var/www/yii/framework/base/CApplication.php(169): CWebApplication->processRequest()
#11 /var/www/condor-tutorial-master/index.php(13): CApplication->run()
#12 {main}
REQUEST_URI=/condor-tutorial-master/contenidos/view/images/HTML5-3D-Effects.png
HTTP_REFERER=http://localhost/condor-tutorial-master/contenidos/view/id/14
---
2013/06/14 16:26:28 [error] [exception.CHttpException.400] exception 'CHttpException' with message 'Su solicitud es inválida.' in /var/www/yii/framework/web/CController.php:336
Stack trace:
#0 /var/www/yii/framework/web/CController.php(309): CController->invalidActionParams(Object(CInlineAction))
#1 /var/www/yii/framework/web/filters/CFilterChain.php(133): CController->runAction(Object(CInlineAction))
#2 /var/www/yii/framework/web/filters/CFilter.php(40): CFilterChain->run()
#3 /var/www/yii/framework/web/CController.php(1145): CFilter->filter(Object(CFilterChain))
#4 /var/www/yii/framework/web/filters/CInlineFilter.php(58): CController->filterAccessControl(Object(CFilterChain))
#5 /var/www/yii/framework/web/filters/CFilterChain.php(130): CInlineFilter->filter(Object(CFilterChain))
#6 /var/www/yii/framework/web/CController.php(291): CFilterChain->run()
#7 /var/www/yii/framework/web/CController.php(265): CController->runActionWithFilters(Object(CInlineAction), Array)
#8 /var/www/yii/framework/web/CWebApplication.php(282): CController->run('view')
#9 /var/www/yii/framework/web/CWebApplication.php(141): CWebApplication->runController('contenidos/view...')
#10 /var/www/yii/framework/base/CApplication.php(169): CWebApplication->processRequest()
#11 /var/www/condor-tutorial-master/index.php(13): CApplication->run()
#12 {main}
REQUEST_URI=/condor-tutorial-master/contenidos/view/images/HTML5-Multimedia.png
HTTP_REFERER=http://localhost/condor-tutorial-master/contenidos/view/id/14
---
2013/06/14 16:26:28 [error] [exception.CHttpException.400] exception 'CHttpException' with message 'Su solicitud es inválida.' in /var/www/yii/framework/web/CController.php:336
Stack trace:
#0 /var/www/yii/framework/web/CController.php(309): CController->invalidActionParams(Object(CInlineAction))
#1 /var/www/yii/framework/web/filters/CFilterChain.php(133): CController->runAction(Object(CInlineAction))
#2 /var/www/yii/framework/web/filters/CFilter.php(40): CFilterChain->run()
#3 /var/www/yii/framework/web/CController.php(1145): CFilter->filter(Object(CFilterChain))
#4 /var/www/yii/framework/web/filters/CInlineFilter.php(58): CController->filterAccessControl(Object(CFilterChain))
#5 /var/www/yii/framework/web/filters/CFilterChain.php(130): CInlineFilter->filter(Object(CFilterChain))
#6 /var/www/yii/framework/web/CController.php(291): CFilterChain->run()
#7 /var/www/yii/framework/web/CController.php(265): CController->runActionWithFilters(Object(CInlineAction), Array)
#8 /var/www/yii/framework/web/CWebApplication.php(282): CController->run('view')
#9 /var/www/yii/framework/web/CWebApplication.php(141): CWebApplication->runController('contenidos/view...')
#10 /var/www/yii/framework/base/CApplication.php(169): CWebApplication->processRequest()
#11 /var/www/condor-tutorial-master/index.php(13): CApplication->run()
#12 {main}
REQUEST_URI=/condor-tutorial-master/contenidos/view/images/HTML5-Semantics.png
HTTP_REFERER=http://localhost/condor-tutorial-master/contenidos/view/id/14
---
2013/06/14 16:26:28 [error] [exception.CHttpException.400] exception 'CHttpException' with message 'Su solicitud es inválida.' in /var/www/yii/framework/web/CController.php:336
Stack trace:
#0 /var/www/yii/framework/web/CController.php(309): CController->invalidActionParams(Object(CInlineAction))
#1 /var/www/yii/framework/web/filters/CFilterChain.php(133): CController->runAction(Object(CInlineAction))
#2 /var/www/yii/framework/web/filters/CFilter.php(40): CFilterChain->run()
#3 /var/www/yii/framework/web/CController.php(1145): CFilter->filter(Object(CFilterChain))
#4 /var/www/yii/framework/web/filters/CInlineFilter.php(58): CController->filterAccessControl(Object(CFilterChain))
#5 /var/www/yii/framework/web/filters/CFilterChain.php(130): CInlineFilter->filter(Object(CFilterChain))
#6 /var/www/yii/framework/web/CController.php(291): CFilterChain->run()
#7 /var/www/yii/framework/web/CController.php(265): CController->runActionWithFilters(Object(CInlineAction), Array)
#8 /var/www/yii/framework/web/CWebApplication.php(282): CController->run('view')
#9 /var/www/yii/framework/web/CWebApplication.php(141): CWebApplication->runController('contenidos/view...')
#10 /var/www/yii/framework/base/CApplication.php(169): CWebApplication->processRequest()
#11 /var/www/condor-tutorial-master/index.php(13): CApplication->run()
#12 {main}
REQUEST_URI=/condor-tutorial-master/contenidos/view/images/twitter.png
HTTP_REFERER=http://localhost/condor-tutorial-master/contenidos/view/id/14
---
2013/06/14 16:26:28 [error] [exception.CHttpException.404] exception 'CHttpException' with message 'The requested page does not exist.' in /var/www/condor-tutorial-master/protected/controllers/ContenidosController.php:160
Stack trace:
#0 /var/www/condor-tutorial-master/protected/controllers/ContenidosController.php(54): ContenidosController->loadModel('images')
#1 [internal function]: ContenidosController->actionView('images')
#2 /var/www/yii/framework/web/actions/CAction.php(108): ReflectionMethod->invokeArgs(Object(ContenidosController), Array)
#3 /var/www/yii/framework/web/actions/CInlineAction.php(47): CAction->runWithParamsInternal(Object(ContenidosController), Object(ReflectionMethod), Array)
#4 /var/www/yii/framework/web/CController.php(308): CInlineAction->runWithParams(Array)
#5 /var/www/yii/framework/web/filters/CFilterChain.php(133): CController->runAction(Object(CInlineAction))
#6 /var/www/yii/framework/web/filters/CFilter.php(40): CFilterChain->run()
#7 /var/www/yii/framework/web/CController.php(1145): CFilter->filter(Object(CFilterChain))
#8 /var/www/yii/framework/web/filters/CInlineFilter.php(58): CController->filterAccessControl(Object(CFilterChain))
#9 /var/www/yii/framework/web/filters/CFilterChain.php(130): CInlineFilter->filter(Object(CFilterChain))
#10 /var/www/yii/framework/web/CController.php(291): CFilterChain->run()
#11 /var/www/yii/framework/web/CController.php(265): CController->runActionWithFilters(Object(CInlineAction), Array)
#12 /var/www/yii/framework/web/CWebApplication.php(282): CController->run('view')
#13 /var/www/yii/framework/web/CWebApplication.php(141): CWebApplication->runController('contenidos/view...')
#14 /var/www/yii/framework/base/CApplication.php(169): CWebApplication->processRequest()
#15 /var/www/condor-tutorial-master/index.php(13): CApplication->run()
#16 {main}
REQUEST_URI=/condor-tutorial-master/contenidos/view/id/images/cuc-logo.png
HTTP_REFERER=http://localhost/condor-tutorial-master/contenidos/view/id/14
---
2013/06/14 16:26:28 [error] [exception.CHttpException.400] exception 'CHttpException' with message 'Su solicitud es inválida.' in /var/www/yii/framework/web/CController.php:336
Stack trace:
#0 /var/www/yii/framework/web/CController.php(309): CController->invalidActionParams(Object(CInlineAction))
#1 /var/www/yii/framework/web/filters/CFilterChain.php(133): CController->runAction(Object(CInlineAction))
#2 /var/www/yii/framework/web/filters/CFilter.php(40): CFilterChain->run()
#3 /var/www/yii/framework/web/CController.php(1145): CFilter->filter(Object(CFilterChain))
#4 /var/www/yii/framework/web/filters/CInlineFilter.php(58): CController->filterAccessControl(Object(CFilterChain))
#5 /var/www/yii/framework/web/filters/CFilterChain.php(130): CInlineFilter->filter(Object(CFilterChain))
#6 /var/www/yii/framework/web/CController.php(291): CFilterChain->run()
#7 /var/www/yii/framework/web/CController.php(265): CController->runActionWithFilters(Object(CInlineAction), Array)
#8 /var/www/yii/framework/web/CWebApplication.php(282): CController->run('view')
#9 /var/www/yii/framework/web/CWebApplication.php(141): CWebApplication->runController('contenidos/view...')
#10 /var/www/yii/framework/base/CApplication.php(169): CWebApplication->processRequest()
#11 /var/www/condor-tutorial-master/index.php(13): CApplication->run()
#12 {main}
REQUEST_URI=/condor-tutorial-master/contenidos/view/images/google-White.png
HTTP_REFERER=http://localhost/condor-tutorial-master/contenidos/view/id/14
---
2013/06/14 16:26:28 [error] [exception.CHttpException.404] exception 'CHttpException' with message 'The requested page does not exist.' in /var/www/condor-tutorial-master/protected/controllers/ContenidosController.php:160
Stack trace:
#0 /var/www/condor-tutorial-master/protected/controllers/ContenidosController.php(54): ContenidosController->loadModel('images')
#1 [internal function]: ContenidosController->actionView('images')
#2 /var/www/yii/framework/web/actions/CAction.php(108): ReflectionMethod->invokeArgs(Object(ContenidosController), Array)
#3 /var/www/yii/framework/web/actions/CInlineAction.php(47): CAction->runWithParamsInternal(Object(ContenidosController), Object(ReflectionMethod), Array)
#4 /var/www/yii/framework/web/CController.php(308): CInlineAction->runWithParams(Array)
#5 /var/www/yii/framework/web/filters/CFilterChain.php(133): CController->runAction(Object(CInlineAction))
#6 /var/www/yii/framework/web/filters/CFilter.php(40): CFilterChain->run()
#7 /var/www/yii/framework/web/CController.php(1145): CFilter->filter(Object(CFilterChain))
#8 /var/www/yii/framework/web/filters/CInlineFilter.php(58): CController->filterAccessControl(Object(CFilterChain))
#9 /var/www/yii/framework/web/filters/CFilterChain.php(130): CInlineFilter->filter(Object(CFilterChain))
#10 /var/www/yii/framework/web/CController.php(291): CFilterChain->run()
#11 /var/www/yii/framework/web/CController.php(265): CController->runActionWithFilters(Object(CInlineAction), Array)
#12 /var/www/yii/framework/web/CWebApplication.php(282): CController->run('view')
#13 /var/www/yii/framework/web/CWebApplication.php(141): CWebApplication->runController('contenidos/view...')
#14 /var/www/yii/framework/base/CApplication.php(169): CWebApplication->processRequest()
#15 /var/www/condor-tutorial-master/index.php(13): CApplication->run()
#16 {main}
REQUEST_URI=/condor-tutorial-master/contenidos/view/id/images/88x31.png
HTTP_REFERER=http://localhost/condor-tutorial-master/contenidos/view/id/14
---
2013/06/14 16:26:28 [error] [exception.CHttpException.400] exception 'CHttpException' with message 'Su solicitud es inválida.' in /var/www/yii/framework/web/CController.php:336
Stack trace:
#0 /var/www/yii/framework/web/CController.php(309): CController->invalidActionParams(Object(CInlineAction))
#1 /var/www/yii/framework/web/filters/CFilterChain.php(133): CController->runAction(Object(CInlineAction))
#2 /var/www/yii/framework/web/filters/CFilter.php(40): CFilterChain->run()
#3 /var/www/yii/framework/web/CController.php(1145): CFilter->filter(Object(CFilterChain))
#4 /var/www/yii/framework/web/filters/CInlineFilter.php(58): CController->filterAccessControl(Object(CFilterChain))
#5 /var/www/yii/framework/web/filters/CFilterChain.php(130): CInlineFilter->filter(Object(CFilterChain))
#6 /var/www/yii/framework/web/CController.php(291): CFilterChain->run()
#7 /var/www/yii/framework/web/CController.php(265): CController->runActionWithFilters(Object(CInlineAction), Array)
#8 /var/www/yii/framework/web/CWebApplication.php(282): CController->run('view')
#9 /var/www/yii/framework/web/CWebApplication.php(141): CWebApplication->runController('contenidos/view...')
#10 /var/www/yii/framework/base/CApplication.php(169): CWebApplication->processRequest()
#11 /var/www/condor-tutorial-master/index.php(13): CApplication->run()
#12 {main}
REQUEST_URI=/condor-tutorial-master/contenidos/view/images/HTML5-Logo.png
HTTP_REFERER=http://localhost/condor-tutorial-master/contenidos/view/id/14
---
2013/06/14 16:26:28 [error] [exception.CHttpException.400] exception 'CHttpException' with message 'Su solicitud es inválida.' in /var/www/yii/framework/web/CController.php:336
Stack trace:
#0 /var/www/yii/framework/web/CController.php(309): CController->invalidActionParams(Object(CInlineAction))
#1 /var/www/yii/framework/web/filters/CFilterChain.php(133): CController->runAction(Object(CInlineAction))
#2 /var/www/yii/framework/web/filters/CFilter.php(40): CFilterChain->run()
#3 /var/www/yii/framework/web/CController.php(1145): CFilter->filter(Object(CFilterChain))
#4 /var/www/yii/framework/web/filters/CInlineFilter.php(58): CController->filterAccessControl(Object(CFilterChain))
#5 /var/www/yii/framework/web/filters/CFilterChain.php(130): CInlineFilter->filter(Object(CFilterChain))
#6 /var/www/yii/framework/web/CController.php(291): CFilterChain->run()
#7 /var/www/yii/framework/web/CController.php(265): CController->runActionWithFilters(Object(CInlineAction), Array)
#8 /var/www/yii/framework/web/CWebApplication.php(282): CController->run('view')
#9 /var/www/yii/framework/web/CWebApplication.php(141): CWebApplication->runController('contenidos/view...')
#10 /var/www/yii/framework/base/CApplication.php(169): CWebApplication->processRequest()
#11 /var/www/condor-tutorial-master/index.php(13): CApplication->run()
#12 {main}
REQUEST_URI=/condor-tutorial-master/contenidos/view/images/HTML5-Styling.png
HTTP_REFERER=http://localhost/condor-tutorial-master/contenidos/view/id/14
---
2013/06/14 16:26:57 [error] [exception.CHttpException.404] exception 'CHttpException' with message 'El sistema no ha podido encontrar la acción "images" solicitada.' in /var/www/yii/framework/web/CController.php:483
Stack trace:
#0 /var/www/yii/framework/web/CController.php(270): CController->missingAction('images')
#1 /var/www/yii/framework/web/CWebApplication.php(282): CController->run('images')
#2 /var/www/yii/framework/web/CWebApplication.php(141): CWebApplication->runController('contenidos/imag...')
#3 /var/www/yii/framework/base/CApplication.php(169): CWebApplication->processRequest()
#4 /var/www/condor-tutorial-master/index.php(13): CApplication->run()
#5 {main}
REQUEST_URI=/condor-tutorial-master/contenidos/images/cuc-logo.png
HTTP_REFERER=http://localhost/condor-tutorial-master/contenidos/index
---
2013/06/14 16:26:57 [error] [exception.CHttpException.404] exception 'CHttpException' with message 'El sistema no ha podido encontrar la acción "images" solicitada.' in /var/www/yii/framework/web/CController.php:483
Stack trace:
#0 /var/www/yii/framework/web/CController.php(270): CController->missingAction('images')
#1 /var/www/yii/framework/web/CWebApplication.php(282): CController->run('images')
#2 /var/www/yii/framework/web/CWebApplication.php(141): CWebApplication->runController('contenidos/imag...')
#3 /var/www/yii/framework/base/CApplication.php(169): CWebApplication->processRequest()
#4 /var/www/condor-tutorial-master/index.php(13): CApplication->run()
#5 {main}
REQUEST_URI=/condor-tutorial-master/contenidos/images/88x31.png
HTTP_REFERER=http://localhost/condor-tutorial-master/contenidos/index
---
2013/06/14 16:28:29 [error] [exception.CHttpException.404] exception 'CHttpException' with message 'The requested page does not exist.' in /var/www/condor-tutorial-master/protected/controllers/ContenidosController.php:160
Stack trace:
#0 /var/www/condor-tutorial-master/protected/controllers/ContenidosController.php(54): ContenidosController->loadModel('images')
#1 [internal function]: ContenidosController->actionView('images')
#2 /var/www/yii/framework/web/actions/CAction.php(108): ReflectionMethod->invokeArgs(Object(ContenidosController), Array)
#3 /var/www/yii/framework/web/actions/CInlineAction.php(47): CAction->runWithParamsInternal(Object(ContenidosController), Object(ReflectionMethod), Array)
#4 /var/www/yii/framework/web/CController.php(308): CInlineAction->runWithParams(Array)
#5 /var/www/yii/framework/web/filters/CFilterChain.php(133): CController->runAction(Object(CInlineAction))
#6 /var/www/yii/framework/web/filters/CFilter.php(40): CFilterChain->run()
#7 /var/www/yii/framework/web/CController.php(1145): CFilter->filter(Object(CFilterChain))
#8 /var/www/yii/framework/web/filters/CInlineFilter.php(58): CController->filterAccessControl(Object(CFilterChain))
#9 /var/www/yii/framework/web/filters/CFilterChain.php(130): CInlineFilter->filter(Object(CFilterChain))
#10 /var/www/yii/framework/web/CController.php(291): CFilterChain->run()
#11 /var/www/yii/framework/web/CController.php(265): CController->runActionWithFilters(Object(CInlineAction), Array)
#12 /var/www/yii/framework/web/CWebApplication.php(282): CController->run('view')
#13 /var/www/yii/framework/web/CWebApplication.php(141): CWebApplication->runController('contenidos/view...')
#14 /var/www/yii/framework/base/CApplication.php(169): CWebApplication->processRequest()
#15 /var/www/condor-tutorial-master/index.php(13): CApplication->run()
#16 {main}
REQUEST_URI=/condor-tutorial-master/contenidos/view/id/images/cuc-logo.png
HTTP_REFERER=http://localhost/condor-tutorial-master/contenidos/view/id/7
---
2013/06/14 16:28:29 [error] [exception.CHttpException.400] exception 'CHttpException' with message 'Su solicitud es inválida.' in /var/www/yii/framework/web/CController.php:336
Stack trace:
#0 /var/www/yii/framework/web/CController.php(309): CController->invalidActionParams(Object(CInlineAction))
#1 /var/www/yii/framework/web/filters/CFilterChain.php(133): CController->runAction(Object(CInlineAction))
#2 /var/www/yii/framework/web/filters/CFilter.php(40): CFilterChain->run()
#3 /var/www/yii/framework/web/CController.php(1145): CFilter->filter(Object(CFilterChain))
#4 /var/www/yii/framework/web/filters/CInlineFilter.php(58): CController->filterAccessControl(Object(CFilterChain))
#5 /var/www/yii/framework/web/filters/CFilterChain.php(130): CInlineFilter->filter(Object(CFilterChain))
#6 /var/www/yii/framework/web/CController.php(291): CFilterChain->run()
#7 /var/www/yii/framework/web/CController.php(265): CController->runActionWithFilters(Object(CInlineAction), Array)
#8 /var/www/yii/framework/web/CWebApplication.php(282): CController->run('view')
#9 /var/www/yii/framework/web/CWebApplication.php(141): CWebApplication->runController('contenidos/view...')
#10 /var/www/yii/framework/base/CApplication.php(169): CWebApplication->processRequest()
#11 /var/www/condor-tutorial-master/index.php(13): CApplication->run()
#12 {main}
REQUEST_URI=/condor-tutorial-master/contenidos/view/images/HTML5-Multimedia.png
HTTP_REFERER=http://localhost/condor-tutorial-master/contenidos/view/id/7
---
2013/06/14 16:28:29 [error] [exception.CHttpException.400] exception 'CHttpException' with message 'Su solicitud es inválida.' in /var/www/yii/framework/web/CController.php:336
Stack trace:
#0 /var/www/yii/framework/web/CController.php(309): CController->invalidActionParams(Object(CInlineAction))
#1 /var/www/yii/framework/web/filters/CFilterChain.php(133): CController->runAction(Object(CInlineAction))
#2 /var/www/yii/framework/web/filters/CFilter.php(40): CFilterChain->run()
#3 /var/www/yii/framework/web/CController.php(1145): CFilter->filter(Object(CFilterChain))
#4 /var/www/yii/framework/web/filters/CInlineFilter.php(58): CController->filterAccessControl(Object(CFilterChain))
#5 /var/www/yii/framework/web/filters/CFilterChain.php(130): CInlineFilter->filter(Object(CFilterChain))
#6 /var/www/yii/framework/web/CController.php(291): CFilterChain->run()
#7 /var/www/yii/framework/web/CController.php(265): CController->runActionWithFilters(Object(CInlineAction), Array)
#8 /var/www/yii/framework/web/CWebApplication.php(282): CController->run('view')
#9 /var/www/yii/framework/web/CWebApplication.php(141): CWebApplication->runController('contenidos/view...')
#10 /var/www/yii/framework/base/CApplication.php(169): CWebApplication->processRequest()
#11 /var/www/condor-tutorial-master/index.php(13): CApplication->run()
#12 {main}
REQUEST_URI=/condor-tutorial-master/contenidos/view/images/HTML5-Logo.png
HTTP_REFERER=http://localhost/condor-tutorial-master/contenidos/view/id/7
---
2013/06/14 16:28:29 [error] [exception.CHttpException.400] exception 'CHttpException' with message 'Su solicitud es inválida.' in /var/www/yii/framework/web/CController.php:336
Stack trace:
#0 /var/www/yii/framework/web/CController.php(309): CController->invalidActionParams(Object(CInlineAction))
#1 /var/www/yii/framework/web/filters/CFilterChain.php(133): CController->runAction(Object(CInlineAction))
#2 /var/www/yii/framework/web/filters/CFilter.php(40): CFilterChain->run()
#3 /var/www/yii/framework/web/CController.php(1145): CFilter->filter(Object(CFilterChain))
#4 /var/www/yii/framework/web/filters/CInlineFilter.php(58): CController->filterAccessControl(Object(CFilterChain))
#5 /var/www/yii/framework/web/filters/CFilterChain.php(130): CInlineFilter->filter(Object(CFilterChain))
#6 /var/www/yii/framework/web/CController.php(291): CFilterChain->run()
#7 /var/www/yii/framework/web/CController.php(265): CController->runActionWithFilters(Object(CInlineAction), Array)
#8 /var/www/yii/framework/web/CWebApplication.php(282): CController->run('view')
#9 /var/www/yii/framework/web/CWebApplication.php(141): CWebApplication->runController('contenidos/view...')
#10 /var/www/yii/framework/base/CApplication.php(169): CWebApplication->processRequest()
#11 /var/www/condor-tutorial-master/index.php(13): CApplication->run()
#12 {main}
REQUEST_URI=/condor-tutorial-master/contenidos/view/images/HTML5-Styling.png
HTTP_REFERER=http://localhost/condor-tutorial-master/contenidos/view/id/7
---
2013/06/14 16:28:29 [error] [exception.CHttpException.400] exception 'CHttpException' with message 'Su solicitud es inválida.' in /var/www/yii/framework/web/CController.php:336
Stack trace:
#0 /var/www/yii/framework/web/CController.php(309): CController->invalidActionParams(Object(CInlineAction))
#1 /var/www/yii/framework/web/filters/CFilterChain.php(133): CController->runAction(Object(CInlineAction))
#2 /var/www/yii/framework/web/filters/CFilter.php(40): CFilterChain->run()
#3 /var/www/yii/framework/web/CController.php(1145): CFilter->filter(Object(CFilterChain))
#4 /var/www/yii/framework/web/filters/CInlineFilter.php(58): CController->filterAccessControl(Object(CFilterChain))
#5 /var/www/yii/framework/web/filters/CFilterChain.php(130): CInlineFilter->filter(Object(CFilterChain))
#6 /var/www/yii/framework/web/CController.php(291): CFilterChain->run()
#7 /var/www/yii/framework/web/CController.php(265): CController->runActionWithFilters(Object(CInlineAction), Array)
#8 /var/www/yii/framework/web/CWebApplication.php(282): CController->run('view')
#9 /var/www/yii/framework/web/CWebApplication.php(141): CWebApplication->runController('contenidos/view...')
#10 /var/www/yii/framework/base/CApplication.php(169): CWebApplication->processRequest()
#11 /var/www/condor-tutorial-master/index.php(13): CApplication->run()
#12 {main}
REQUEST_URI=/condor-tutorial-master/contenidos/view/images/twitter.png
HTTP_REFERER=http://localhost/condor-tutorial-master/contenidos/view/id/7
---
2013/06/14 16:28:29 [error] [exception.CHttpException.400] exception 'CHttpException' with message 'Su solicitud es inválida.' in /var/www/yii/framework/web/CController.php:336
Stack trace:
#0 /var/www/yii/framework/web/CController.php(309): CController->invalidActionParams(Object(CInlineAction))
#1 /var/www/yii/framework/web/filters/CFilterChain.php(133): CController->runAction(Object(CInlineAction))
#2 /var/www/yii/framework/web/filters/CFilter.php(40): CFilterChain->run()
#3 /var/www/yii/framework/web/CController.php(1145): CFilter->filter(Object(CFilterChain))
#4 /var/www/yii/framework/web/filters/CInlineFilter.php(58): CController->filterAccessControl(Object(CFilterChain))
#5 /var/www/yii/framework/web/filters/CFilterChain.php(130): CInlineFilter->filter(Object(CFilterChain))
#6 /var/www/yii/framework/web/CController.php(291): CFilterChain->run()
#7 /var/www/yii/framework/web/CController.php(265): CController->runActionWithFilters(Object(CInlineAction), Array)
#8 /var/www/yii/framework/web/CWebApplication.php(282): CController->run('view')
#9 /var/www/yii/framework/web/CWebApplication.php(141): CWebApplication->runController('contenidos/view...')
#10 /var/www/yii/framework/base/CApplication.php(169): CWebApplication->processRequest()
#11 /var/www/condor-tutorial-master/index.php(13): CApplication->run()
#12 {main}
REQUEST_URI=/condor-tutorial-master/contenidos/view/images/HTML5-3D-Effects.png
HTTP_REFERER=http://localhost/condor-tutorial-master/contenidos/view/id/7
---
2013/06/14 16:28:29 [error] [exception.CHttpException.400] exception 'CHttpException' with message 'Su solicitud es inválida.' in /var/www/yii/framework/web/CController.php:336
Stack trace:
#0 /var/www/yii/framework/web/CController.php(309): CController->invalidActionParams(Object(CInlineAction))
#1 /var/www/yii/framework/web/filters/CFilterChain.php(133): CController->runAction(Object(CInlineAction))
#2 /var/www/yii/framework/web/filters/CFilter.php(40): CFilterChain->run()
#3 /var/www/yii/framework/web/CController.php(1145): CFilter->filter(Object(CFilterChain))
#4 /var/www/yii/framework/web/filters/CInlineFilter.php(58): CController->filterAccessControl(Object(CFilterChain))
#5 /var/www/yii/framework/web/filters/CFilterChain.php(130): CInlineFilter->filter(Object(CFilterChain))
#6 /var/www/yii/framework/web/CController.php(291): CFilterChain->run()
#7 /var/www/yii/framework/web/CController.php(265): CController->runActionWithFilters(Object(CInlineAction), Array)
#8 /var/www/yii/framework/web/CWebApplication.php(282): CController->run('view')
#9 /var/www/yii/framework/web/CWebApplication.php(141): CWebApplication->runController('contenidos/view...')
#10 /var/www/yii/framework/base/CApplication.php(169): CWebApplication->processRequest()
#11 /var/www/condor-tutorial-master/index.php(13): CApplication->run()
#12 {main}
REQUEST_URI=/condor-tutorial-master/contenidos/view/images/google-White.png
HTTP_REFERER=http://localhost/condor-tutorial-master/contenidos/view/id/7
---
2013/06/14 16:28:29 [error] [exception.CHttpException.400] exception 'CHttpException' with message 'Su solicitud es inválida.' in /var/www/yii/framework/web/CController.php:336
Stack trace:
#0 /var/www/yii/framework/web/CController.php(309): CController->invalidActionParams(Object(CInlineAction))
#1 /var/www/yii/framework/web/filters/CFilterChain.php(133): CController->runAction(Object(CInlineAction))
#2 /var/www/yii/framework/web/filters/CFilter.php(40): CFilterChain->run()
#3 /var/www/yii/framework/web/CController.php(1145): CFilter->filter(Object(CFilterChain))
#4 /var/www/yii/framework/web/filters/CInlineFilter.php(58): CController->filterAccessControl(Object(CFilterChain))
#5 /var/www/yii/framework/web/filters/CFilterChain.php(130): CInlineFilter->filter(Object(CFilterChain))
#6 /var/www/yii/framework/web/CController.php(291): CFilterChain->run()
#7 /var/www/yii/framework/web/CController.php(265): CController->runActionWithFilters(Object(CInlineAction), Array)
#8 /var/www/yii/framework/web/CWebApplication.php(282): CController->run('view')
#9 /var/www/yii/framework/web/CWebApplication.php(141): CWebApplication->runController('contenidos/view...')
#10 /var/www/yii/framework/base/CApplication.php(169): CWebApplication->processRequest()
#11 /var/www/condor-tutorial-master/index.php(13): CApplication->run()
#12 {main}
REQUEST_URI=/condor-tutorial-master/contenidos/view/images/HTML5-Semantics.png
HTTP_REFERER=http://localhost/condor-tutorial-master/contenidos/view/id/7
---
2013/06/14 16:28:29 [error] [exception.CHttpException.404] exception 'CHttpException' with message 'The requested page does not exist.' in /var/www/condor-tutorial-master/protected/controllers/ContenidosController.php:160
Stack trace:
#0 /var/www/condor-tutorial-master/protected/controllers/ContenidosController.php(54): ContenidosController->loadModel('images')
#1 [internal function]: ContenidosController->actionView('images')
#2 /var/www/yii/framework/web/actions/CAction.php(108): ReflectionMethod->invokeArgs(Object(ContenidosController), Array)
#3 /var/www/yii/framework/web/actions/CInlineAction.php(47): CAction->runWithParamsInternal(Object(ContenidosController), Object(ReflectionMethod), Array)
#4 /var/www/yii/framework/web/CController.php(308): CInlineAction->runWithParams(Array)
#5 /var/www/yii/framework/web/filters/CFilterChain.php(133): CController->runAction(Object(CInlineAction))
#6 /var/www/yii/framework/web/filters/CFilter.php(40): CFilterChain->run()
#7 /var/www/yii/framework/web/CController.php(1145): CFilter->filter(Object(CFilterChain))
#8 /var/www/yii/framework/web/filters/CInlineFilter.php(58): CController->filterAccessControl(Object(CFilterChain))
#9 /var/www/yii/framework/web/filters/CFilterChain.php(130): CInlineFilter->filter(Object(CFilterChain))
#10 /var/www/yii/framework/web/CController.php(291): CFilterChain->run()
#11 /var/www/yii/framework/web/CController.php(265): CController->runActionWithFilters(Object(CInlineAction), Array)
#12 /var/www/yii/framework/web/CWebApplication.php(282): CController->run('view')
#13 /var/www/yii/framework/web/CWebApplication.php(141): CWebApplication->runController('contenidos/view...')
#14 /var/www/yii/framework/base/CApplication.php(169): CWebApplication->processRequest()
#15 /var/www/condor-tutorial-master/index.php(13): CApplication->run()
#16 {main}
REQUEST_URI=/condor-tutorial-master/contenidos/view/id/images/88x31.png
HTTP_REFERER=http://localhost/condor-tutorial-master/contenidos/view/id/7
---
2013/06/14 16:28:29 [error] [exception.CHttpException.400] exception 'CHttpException' with message 'Su solicitud es inválida.' in /var/www/yii/framework/web/CController.php:336
Stack trace:
#0 /var/www/yii/framework/web/CController.php(309): CController->invalidActionParams(Object(CInlineAction))
#1 /var/www/yii/framework/web/filters/CFilterChain.php(133): CController->runAction(Object(CInlineAction))
#2 /var/www/yii/framework/web/filters/CFilter.php(40): CFilterChain->run()
#3 /var/www/yii/framework/web/CController.php(1145): CFilter->filter(Object(CFilterChain))
#4 /var/www/yii/framework/web/filters/CInlineFilter.php(58): CController->filterAccessControl(Object(CFilterChain))
#5 /var/www/yii/framework/web/filters/CFilterChain.php(130): CInlineFilter->filter(Object(CFilterChain))
#6 /var/www/yii/framework/web/CController.php(291): CFilterChain->run()
#7 /var/www/yii/framework/web/CController.php(265): CController->runActionWithFilters(Object(CInlineAction), Array)
#8 /var/www/yii/framework/web/CWebApplication.php(282): CController->run('view')
#9 /var/www/yii/framework/web/CWebApplication.php(141): CWebApplication->runController('contenidos/view...')
#10 /var/www/yii/framework/base/CApplication.php(169): CWebApplication->processRequest()
#11 /var/www/condor-tutorial-master/index.php(13): CApplication->run()
#12 {main}
REQUEST_URI=/condor-tutorial-master/contenidos/view/images/HTML5-Multimedia.png
HTTP_REFERER=http://localhost/condor-tutorial-master/contenidos/view/id/7
---
2013/06/14 16:28:29 [error] [exception.CHttpException.404] exception 'CHttpException' with message 'The requested page does not exist.' in /var/www/condor-tutorial-master/protected/controllers/ContenidosController.php:160
Stack trace:
#0 /var/www/condor-tutorial-master/protected/controllers/ContenidosController.php(54): ContenidosController->loadModel('images')
#1 [internal function]: ContenidosController->actionView('images')
#2 /var/www/yii/framework/web/actions/CAction.php(108): ReflectionMethod->invokeArgs(Object(ContenidosController), Array)
#3 /var/www/yii/framework/web/actions/CInlineAction.php(47): CAction->runWithParamsInternal(Object(ContenidosController), Object(ReflectionMethod), Array)
#4 /var/www/yii/framework/web/CController.php(308): CInlineAction->runWithParams(Array)
#5 /var/www/yii/framework/web/filters/CFilterChain.php(133): CController->runAction(Object(CInlineAction))
#6 /var/www/yii/framework/web/filters/CFilter.php(40): CFilterChain->run()
#7 /var/www/yii/framework/web/CController.php(1145): CFilter->filter(Object(CFilterChain))
#8 /var/www/yii/framework/web/filters/CInlineFilter.php(58): CController->filterAccessControl(Object(CFilterChain))
#9 /var/www/yii/framework/web/filters/CFilterChain.php(130): CInlineFilter->filter(Object(CFilterChain))
#10 /var/www/yii/framework/web/CController.php(291): CFilterChain->run()
#11 /var/www/yii/framework/web/CController.php(265): CController->runActionWithFilters(Object(CInlineAction), Array)
#12 /var/www/yii/framework/web/CWebApplication.php(282): CController->run('view')
#13 /var/www/yii/framework/web/CWebApplication.php(141): CWebApplication->runController('contenidos/view...')
#14 /var/www/yii/framework/base/CApplication.php(169): CWebApplication->processRequest()
#15 /var/www/condor-tutorial-master/index.php(13): CApplication->run()
#16 {main}
REQUEST_URI=/condor-tutorial-master/contenidos/view/id/images/cuc-logo.png
HTTP_REFERER=http://localhost/condor-tutorial-master/contenidos/view/id/7
---
2013/06/14 16:30:27 [error] [exception.CHttpException.404] exception 'CHttpException' with message 'El sistema no ha podido encontrar la acción "images" solicitada.' in /var/www/yii/framework/web/CController.php:483
Stack trace:
#0 /var/www/yii/framework/web/CController.php(270): CController->missingAction('images')
#1 /var/www/yii/framework/web/CWebApplication.php(282): CController->run('images')
#2 /var/www/yii/framework/web/CWebApplication.php(141): CWebApplication->runController('contenidos/imag...')
#3 /var/www/yii/framework/base/CApplication.php(169): CWebApplication->processRequest()
#4 /var/www/condor-tutorial-master/index.php(13): CApplication->run()
#5 {main}
REQUEST_URI=/condor-tutorial-master/contenidos/images/88x31.png
HTTP_REFERER=http://localhost/condor-tutorial-master/contenidos/index
---
2013/06/14 16:30:27 [error] [exception.CHttpException.404] exception 'CHttpException' with message 'El sistema no ha podido encontrar la acción "images" solicitada.' in /var/www/yii/framework/web/CController.php:483
Stack trace:
#0 /var/www/yii/framework/web/CController.php(270): CController->missingAction('images')
#1 /var/www/yii/framework/web/CWebApplication.php(282): CController->run('images')
#2 /var/www/yii/framework/web/CWebApplication.php(141): CWebApplication->runController('contenidos/imag...')
#3 /var/www/yii/framework/base/CApplication.php(169): CWebApplication->processRequest()
#4 /var/www/condor-tutorial-master/index.php(13): CApplication->run()
#5 {main}
REQUEST_URI=/condor-tutorial-master/contenidos/images/cuc-logo.png
HTTP_REFERER=http://localhost/condor-tutorial-master/contenidos/index
---
2013/06/14 16:30:37 [error] [exception.CHttpException.404] exception 'CHttpException' with message 'El sistema no ha podido encontrar la acción "www.google.com" solicitada.' in /var/www/yii/framework/web/CController.php:483
Stack trace:
#0 /var/www/yii/framework/web/CController.php(270): CController->missingAction('www.google.com')
#1 /var/www/yii/framework/web/CWebApplication.php(282): CController->run('www.google.com')
#2 /var/www/yii/framework/web/CWebApplication.php(141): CWebApplication->runController('contenidos/www....')
#3 /var/www/yii/framework/base/CApplication.php(169): CWebApplication->processRequest()
#4 /var/www/condor-tutorial-master/index.php(13): CApplication->run()
#5 {main}
REQUEST_URI=/condor-tutorial-master/contenidos/www.google.com
HTTP_REFERER=http://localhost/condor-tutorial-master/contenidos/index
---
2013/06/14 16:30:37 [error] [exception.CHttpException.404] exception 'CHttpException' with message 'El sistema no ha podido encontrar la acción "images" solicitada.' in /var/www/yii/framework/web/CController.php:483
Stack trace:
#0 /var/www/yii/framework/web/CController.php(270): CController->missingAction('images')
#1 /var/www/yii/framework/web/CWebApplication.php(282): CController->run('images')
#2 /var/www/yii/framework/web/CWebApplication.php(141): CWebApplication->runController('contenidos/imag...')
#3 /var/www/yii/framework/base/CApplication.php(169): CWebApplication->processRequest()
#4 /var/www/condor-tutorial-master/index.php(13): CApplication->run()
#5 {main}
REQUEST_URI=/condor-tutorial-master/contenidos/images/cuc-logo.png
HTTP_REFERER=http://localhost/condor-tutorial-master/contenidos/index
---
2013/06/14 16:30:37 [error] [exception.CHttpException.404] exception 'CHttpException' with message 'El sistema no ha podido encontrar la acción "images" solicitada.' in /var/www/yii/framework/web/CController.php:483
Stack trace:
#0 /var/www/yii/framework/web/CController.php(270): CController->missingAction('images')
#1 /var/www/yii/framework/web/CWebApplication.php(282): CController->run('images')
#2 /var/www/yii/framework/web/CWebApplication.php(141): CWebApplication->runController('contenidos/imag...')
#3 /var/www/yii/framework/base/CApplication.php(169): CWebApplication->processRequest()
#4 /var/www/condor-tutorial-master/index.php(13): CApplication->run()
#5 {main}
REQUEST_URI=/condor-tutorial-master/contenidos/images/88x31.png
HTTP_REFERER=http://localhost/condor-tutorial-master/contenidos/index
---
2013/06/14 16:30:49 [error] [exception.CHttpException.404] exception 'CHttpException' with message 'El sistema no ha podido encontrar la acción "images" solicitada.' in /var/www/yii/framework/web/CController.php:483
Stack trace:
#0 /var/www/yii/framework/web/CController.php(270): CController->missingAction('images')
#1 /var/www/yii/framework/web/CWebApplication.php(282): CController->run('images')
#2 /var/www/yii/framework/web/CWebApplication.php(141): CWebApplication->runController('contenidos/imag...')
#3 /var/www/yii/framework/base/CApplication.php(169): CWebApplication->processRequest()
#4 /var/www/condor-tutorial-master/index.php(13): CApplication->run()
#5 {main}
REQUEST_URI=/condor-tutorial-master/contenidos/images/cuc-logo.png
HTTP_REFERER=http://localhost/condor-tutorial-master/contenidos/index
---
2013/06/14 16:30:49 [error] [exception.CHttpException.404] exception 'CHttpException' with message 'El sistema no ha podido encontrar la acción "images" solicitada.' in /var/www/yii/framework/web/CController.php:483
Stack trace:
#0 /var/www/yii/framework/web/CController.php(270): CController->missingAction('images')
#1 /var/www/yii/framework/web/CWebApplication.php(282): CController->run('images')
#2 /var/www/yii/framework/web/CWebApplication.php(141): CWebApplication->runController('contenidos/imag...')
#3 /var/www/yii/framework/base/CApplication.php(169): CWebApplication->processRequest()
#4 /var/www/condor-tutorial-master/index.php(13): CApplication->run()
#5 {main}
REQUEST_URI=/condor-tutorial-master/contenidos/images/88x31.png
HTTP_REFERER=http://localhost/condor-tutorial-master/contenidos/index
---
2013/06/14 16:30:50 [error] [exception.CHttpException.404] exception 'CHttpException' with message 'El sistema no ha podido encontrar la acción "images" solicitada.' in /var/www/yii/framework/web/CController.php:483
Stack trace:
#0 /var/www/yii/framework/web/CController.php(270): CController->missingAction('images')
#1 /var/www/yii/framework/web/CWebApplication.php(282): CController->run('images')
#2 /var/www/yii/framework/web/CWebApplication.php(141): CWebApplication->runController('contenidos/imag...')
#3 /var/www/yii/framework/base/CApplication.php(169): CWebApplication->processRequest()
#4 /var/www/condor-tutorial-master/index.php(13): CApplication->run()
#5 {main}
REQUEST_URI=/condor-tutorial-master/contenidos/images/cuc-logo.png
HTTP_REFERER=http://localhost/condor-tutorial-master/contenidos/index
---
2013/06/14 16:30:57 [error] [exception.CHttpException.404] exception 'CHttpException' with message 'El sistema no ha podido encontrar la acción "images" solicitada.' in /var/www/yii/framework/web/CController.php:483
Stack trace:
#0 /var/www/yii/framework/web/CController.php(270): CController->missingAction('images')
#1 /var/www/yii/framework/web/CWebApplication.php(282): CController->run('images')
#2 /var/www/yii/framework/web/CWebApplication.php(141): CWebApplication->runController('contenidos/imag...')
#3 /var/www/yii/framework/base/CApplication.php(169): CWebApplication->processRequest()
#4 /var/www/condor-tutorial-master/index.php(13): CApplication->run()
#5 {main}
REQUEST_URI=/condor-tutorial-master/contenidos/images/cuc-logo.png
HTTP_REFERER=http://localhost/condor-tutorial-master/contenidos/index
---
2013/06/14 16:30:57 [error] [exception.CHttpException.404] exception 'CHttpException' with message 'El sistema no ha podido encontrar la acción "images" solicitada.' in /var/www/yii/framework/web/CController.php:483
Stack trace:
#0 /var/www/yii/framework/web/CController.php(270): CController->missingAction('images')
#1 /var/www/yii/framework/web/CWebApplication.php(282): CController->run('images')
#2 /var/www/yii/framework/web/CWebApplication.php(141): CWebApplication->runController('contenidos/imag...')
#3 /var/www/yii/framework/base/CApplication.php(169): CWebApplication->processRequest()
#4 /var/www/condor-tutorial-master/index.php(13): CApplication->run()
#5 {main}
REQUEST_URI=/condor-tutorial-master/contenidos/images/88x31.png
HTTP_REFERER=http://localhost/condor-tutorial-master/contenidos/index
---
2013/06/14 16:30:57 [error] [exception.CHttpException.404] exception 'CHttpException' with message 'El sistema no ha podido encontrar la acción "images" solicitada.' in /var/www/yii/framework/web/CController.php:483
Stack trace:
#0 /var/www/yii/framework/web/CController.php(270): CController->missingAction('images')
#1 /var/www/yii/framework/web/CWebApplication.php(282): CController->run('images')
#2 /var/www/yii/framework/web/CWebApplication.php(141): CWebApplication->runController('contenidos/imag...')
#3 /var/www/yii/framework/base/CApplication.php(169): CWebApplication->processRequest()
#4 /var/www/condor-tutorial-master/index.php(13): CApplication->run()
#5 {main}
REQUEST_URI=/condor-tutorial-master/contenidos/images/cuc-logo.png
HTTP_REFERER=http://localhost/condor-tutorial-master/contenidos/index
---
2013/06/14 16:31:00 [error] [exception.CHttpException.404] exception 'CHttpException' with message 'El sistema no ha podido encontrar la acción "images" solicitada.' in /var/www/yii/framework/web/CController.php:483
Stack trace:
#0 /var/www/yii/framework/web/CController.php(270): CController->missingAction('images')
#1 /var/www/yii/framework/web/CWebApplication.php(282): CController->run('images')
#2 /var/www/yii/framework/web/CWebApplication.php(141): CWebApplication->runController('contenidos/imag...')
#3 /var/www/yii/framework/base/CApplication.php(169): CWebApplication->processRequest()
#4 /var/www/condor-tutorial-master/index.php(13): CApplication->run()
#5 {main}
REQUEST_URI=/condor-tutorial-master/contenidos/images/cuc-logo.png
HTTP_REFERER=http://localhost/condor-tutorial-master/contenidos/index
---
2013/06/14 16:31:00 [error] [exception.CHttpException.404] exception 'CHttpException' with message 'El sistema no ha podido encontrar la acción "images" solicitada.' in /var/www/yii/framework/web/CController.php:483
Stack trace:
#0 /var/www/yii/framework/web/CController.php(270): CController->missingAction('images')
#1 /var/www/yii/framework/web/CWebApplication.php(282): CController->run('images')
#2 /var/www/yii/framework/web/CWebApplication.php(141): CWebApplication->runController('contenidos/imag...')
#3 /var/www/yii/framework/base/CApplication.php(169): CWebApplication->processRequest()
#4 /var/www/condor-tutorial-master/index.php(13): CApplication->run()
#5 {main}
REQUEST_URI=/condor-tutorial-master/contenidos/images/88x31.png
HTTP_REFERER=http://localhost/condor-tutorial-master/contenidos/index
---
2013/06/14 16:31:04 [error] [exception.CHttpException.404] exception 'CHttpException' with message 'El sistema no ha podido encontrar la acción "www.google.com" solicitada.' in /var/www/yii/framework/web/CController.php:483
Stack trace:
#0 /var/www/yii/framework/web/CController.php(270): CController->missingAction('www.google.com')
#1 /var/www/yii/framework/web/CWebApplication.php(282): CController->run('www.google.com')
#2 /var/www/yii/framework/web/CWebApplication.php(141): CWebApplication->runController('contenidos/www....')
#3 /var/www/yii/framework/base/CApplication.php(169): CWebApplication->processRequest()
#4 /var/www/condor-tutorial-master/index.php(13): CApplication->run()
#5 {main}
REQUEST_URI=/condor-tutorial-master/contenidos/www.google.com
HTTP_REFERER=http://localhost/condor-tutorial-master/contenidos/index
---
2013/06/14 16:31:04 [error] [exception.CHttpException.404] exception 'CHttpException' with message 'El sistema no ha podido encontrar la acción "images" solicitada.' in /var/www/yii/framework/web/CController.php:483
Stack trace:
#0 /var/www/yii/framework/web/CController.php(270): CController->missingAction('images')
#1 /var/www/yii/framework/web/CWebApplication.php(282): CController->run('images')
#2 /var/www/yii/framework/web/CWebApplication.php(141): CWebApplication->runController('contenidos/imag...')
#3 /var/www/yii/framework/base/CApplication.php(169): CWebApplication->processRequest()
#4 /var/www/condor-tutorial-master/index.php(13): CApplication->run()
#5 {main}
REQUEST_URI=/condor-tutorial-master/contenidos/images/cuc-logo.png
HTTP_REFERER=http://localhost/condor-tutorial-master/contenidos/index
---
2013/06/14 16:31:04 [error] [exception.CHttpException.404] exception 'CHttpException' with message 'El sistema no ha podido encontrar la acción "images" solicitada.' in /var/www/yii/framework/web/CController.php:483
Stack trace:
#0 /var/www/yii/framework/web/CController.php(270): CController->missingAction('images')
#1 /var/www/yii/framework/web/CWebApplication.php(282): CController->run('images')
#2 /var/www/yii/framework/web/CWebApplication.php(141): CWebApplication->runController('contenidos/imag...')
#3 /var/www/yii/framework/base/CApplication.php(169): CWebApplication->processRequest()
#4 /var/www/condor-tutorial-master/index.php(13): CApplication->run()
#5 {main}
REQUEST_URI=/condor-tutorial-master/contenidos/images/88x31.png
HTTP_REFERER=http://localhost/condor-tutorial-master/contenidos/index
---
2013/06/14 16:35:21 [error] [exception.CHttpException.404] exception 'CHttpException' with message 'El sistema no ha podido encontrar la acción "images" solicitada.' in /var/www/yii/framework/web/CController.php:483
Stack trace:
#0 /var/www/yii/framework/web/CController.php(270): CController->missingAction('images')
#1 /var/www/yii/framework/web/CWebApplication.php(282): CController->run('images')
#2 /var/www/yii/framework/web/CWebApplication.php(141): CWebApplication->runController('contenidos/imag...')
#3 /var/www/yii/framework/base/CApplication.php(169): CWebApplication->processRequest()
#4 /var/www/condor-tutorial-master/index.php(13): CApplication->run()
#5 {main}
REQUEST_URI=/condor-tutorial-master/contenidos/images/cuc-logo.png
HTTP_REFERER=http://localhost/condor-tutorial-master/contenidos/index
---
2013/06/14 16:35:21 [error] [exception.CHttpException.404] exception 'CHttpException' with message 'El sistema no ha podido encontrar la acción "images" solicitada.' in /var/www/yii/framework/web/CController.php:483
Stack trace:
#0 /var/www/yii/framework/web/CController.php(270): CController->missingAction('images')
#1 /var/www/yii/framework/web/CWebApplication.php(282): CController->run('images')
#2 /var/www/yii/framework/web/CWebApplication.php(141): CWebApplication->runController('contenidos/imag...')
#3 /var/www/yii/framework/base/CApplication.php(169): CWebApplication->processRequest()
#4 /var/www/condor-tutorial-master/index.php(13): CApplication->run()
#5 {main}
REQUEST_URI=/condor-tutorial-master/contenidos/images/88x31.png
HTTP_REFERER=http://localhost/condor-tutorial-master/contenidos/index
---
2013/06/14 16:35:21 [error] [exception.CHttpException.404] exception 'CHttpException' with message 'El sistema no ha podido encontrar la acción "images" solicitada.' in /var/www/yii/framework/web/CController.php:483
Stack trace:
#0 /var/www/yii/framework/web/CController.php(270): CController->missingAction('images')
#1 /var/www/yii/framework/web/CWebApplication.php(282): CController->run('images')
#2 /var/www/yii/framework/web/CWebApplication.php(141): CWebApplication->runController('contenidos/imag...')
#3 /var/www/yii/framework/base/CApplication.php(169): CWebApplication->processRequest()
#4 /var/www/condor-tutorial-master/index.php(13): CApplication->run()
#5 {main}
REQUEST_URI=/condor-tutorial-master/contenidos/images/cuc-logo.png
HTTP_REFERER=http://localhost/condor-tutorial-master/contenidos/index
---
2013/06/14 16:36:17 [error] [exception.CHttpException.404] exception 'CHttpException' with message 'El sistema no ha podido encontrar la acción "images" solicitada.' in /var/www/yii/framework/web/CController.php:483
Stack trace:
#0 /var/www/yii/framework/web/CController.php(270): CController->missingAction('images')
#1 /var/www/yii/framework/web/CWebApplication.php(282): CController->run('images')
#2 /var/www/yii/framework/web/CWebApplication.php(141): CWebApplication->runController('contenidos/imag...')
#3 /var/www/yii/framework/base/CApplication.php(169): CWebApplication->processRequest()
#4 /var/www/condor-tutorial-master/index.php(13): CApplication->run()
#5 {main}
REQUEST_URI=/condor-tutorial-master/contenidos/images/cuc-logo.png
HTTP_REFERER=http://localhost/condor-tutorial-master/contenidos/index
---
2013/06/14 16:36:17 [error] [exception.CHttpException.404] exception 'CHttpException' with message 'El sistema no ha podido encontrar la acción "images" solicitada.' in /var/www/yii/framework/web/CController.php:483
Stack trace:
#0 /var/www/yii/framework/web/CController.php(270): CController->missingAction('images')
#1 /var/www/yii/framework/web/CWebApplication.php(282): CController->run('images')
#2 /var/www/yii/framework/web/CWebApplication.php(141): CWebApplication->runController('contenidos/imag...')
#3 /var/www/yii/framework/base/CApplication.php(169): CWebApplication->processRequest()
#4 /var/www/condor-tutorial-master/index.php(13): CApplication->run()
#5 {main}
REQUEST_URI=/condor-tutorial-master/contenidos/images/88x31.png
HTTP_REFERER=http://localhost/condor-tutorial-master/contenidos/index
---
2013/06/14 16:36:17 [error] [exception.CHttpException.404] exception 'CHttpException' with message 'El sistema no ha podido encontrar la acción "www.google.com" solicitada.' in /var/www/yii/framework/web/CController.php:483
Stack trace:
#0 /var/www/yii/framework/web/CController.php(270): CController->missingAction('www.google.com')
#1 /var/www/yii/framework/web/CWebApplication.php(282): CController->run('www.google.com')
#2 /var/www/yii/framework/web/CWebApplication.php(141): CWebApplication->runController('contenidos/www....')
#3 /var/www/yii/framework/base/CApplication.php(169): CWebApplication->processRequest()
#4 /var/www/condor-tutorial-master/index.php(13): CApplication->run()
#5 {main}
REQUEST_URI=/condor-tutorial-master/contenidos/www.google.com
HTTP_REFERER=http://localhost/condor-tutorial-master/contenidos/index
---
2013/06/14 16:37:29 [error] [exception.CHttpException.404] exception 'CHttpException' with message 'El sistema no ha podido encontrar la acción "images" solicitada.' in /var/www/yii/framework/web/CController.php:483
Stack trace:
#0 /var/www/yii/framework/web/CController.php(270): CController->missingAction('images')
#1 /var/www/yii/framework/web/CWebApplication.php(282): CController->run('images')
#2 /var/www/yii/framework/web/CWebApplication.php(141): CWebApplication->runController('Lecciones/image...')
#3 /var/www/yii/framework/base/CApplication.php(169): CWebApplication->processRequest()
#4 /var/www/condor-tutorial-master/index.php(13): CApplication->run()
#5 {main}
REQUEST_URI=/condor-tutorial-master/Lecciones/images/cuc-logo.png
HTTP_REFERER=http://localhost/condor-tutorial-master/Lecciones/index
---
2013/06/14 16:37:29 [error] [exception.CHttpException.404] exception 'CHttpException' with message 'El sistema no ha podido encontrar la acción "images" solicitada.' in /var/www/yii/framework/web/CController.php:483
Stack trace:
#0 /var/www/yii/framework/web/CController.php(270): CController->missingAction('images')
#1 /var/www/yii/framework/web/CWebApplication.php(282): CController->run('images')
#2 /var/www/yii/framework/web/CWebApplication.php(141): CWebApplication->runController('Lecciones/image...')
#3 /var/www/yii/framework/base/CApplication.php(169): CWebApplication->processRequest()
#4 /var/www/condor-tutorial-master/index.php(13): CApplication->run()
#5 {main}
REQUEST_URI=/condor-tutorial-master/Lecciones/images/88x31.png
HTTP_REFERER=http://localhost/condor-tutorial-master/Lecciones/index
---
2013/06/14 16:38:39 [error] [exception.CHttpException.404] exception 'CHttpException' with message 'El sistema no ha podido encontrar la acción "images" solicitada.' in /var/www/yii/framework/web/CController.php:483
Stack trace:
#0 /var/www/yii/framework/web/CController.php(270): CController->missingAction('images')
#1 /var/www/yii/framework/web/CWebApplication.php(282): CController->run('images')
#2 /var/www/yii/framework/web/CWebApplication.php(141): CWebApplication->runController('Lecciones/image...')
#3 /var/www/yii/framework/base/CApplication.php(169): CWebApplication->processRequest()
#4 /var/www/condor-tutorial-master/index.php(13): CApplication->run()
#5 {main}
REQUEST_URI=/condor-tutorial-master/Lecciones/images/cuc-logo.png
HTTP_REFERER=http://localhost/condor-tutorial-master/Lecciones/index
---
2013/06/14 16:38:39 [error] [exception.CHttpException.404] exception 'CHttpException' with message 'El sistema no ha podido encontrar la acción "images" solicitada.' in /var/www/yii/framework/web/CController.php:483
Stack trace:
#0 /var/www/yii/framework/web/CController.php(270): CController->missingAction('images')
#1 /var/www/yii/framework/web/CWebApplication.php(282): CController->run('images')
#2 /var/www/yii/framework/web/CWebApplication.php(141): CWebApplication->runController('Lecciones/image...')
#3 /var/www/yii/framework/base/CApplication.php(169): CWebApplication->processRequest()
#4 /var/www/condor-tutorial-master/index.php(13): CApplication->run()
#5 {main}
REQUEST_URI=/condor-tutorial-master/Lecciones/images/88x31.png
HTTP_REFERER=http://localhost/condor-tutorial-master/Lecciones/index
---
2013/06/14 16:38:39 [error] [exception.CHttpException.404] exception 'CHttpException' with message 'El sistema no ha podido encontrar la acción "images" solicitada.' in /var/www/yii/framework/web/CController.php:483
Stack trace:
#0 /var/www/yii/framework/web/CController.php(270): CController->missingAction('images')
#1 /var/www/yii/framework/web/CWebApplication.php(282): CController->run('images')
#2 /var/www/yii/framework/web/CWebApplication.php(141): CWebApplication->runController('Lecciones/image...')
#3 /var/www/yii/framework/base/CApplication.php(169): CWebApplication->processRequest()
#4 /var/www/condor-tutorial-master/index.php(13): CApplication->run()
#5 {main}
REQUEST_URI=/condor-tutorial-master/Lecciones/images/cuc-logo.png
HTTP_REFERER=http://localhost/condor-tutorial-master/Lecciones/index
---
2013/06/14 16:38:41 [error] [exception.CHttpException.404] exception 'CHttpException' with message 'El sistema no ha podido encontrar la acción "images" solicitada.' in /var/www/yii/framework/web/CController.php:483
Stack trace:
#0 /var/www/yii/framework/web/CController.php(270): CController->missingAction('images')
#1 /var/www/yii/framework/web/CWebApplication.php(282): CController->run('images')
#2 /var/www/yii/framework/web/CWebApplication.php(141): CWebApplication->runController('lecciones/image...')
#3 /var/www/yii/framework/base/CApplication.php(169): CWebApplication->processRequest()
#4 /var/www/condor-tutorial-master/index.php(13): CApplication->run()
#5 {main}
REQUEST_URI=/condor-tutorial-master/lecciones/images/88x31.png
HTTP_REFERER=http://localhost/condor-tutorial-master/lecciones/create
---
2013/06/14 16:38:41 [error] [exception.CHttpException.404] exception 'CHttpException' with message 'El sistema no ha podido encontrar la acción "images" solicitada.' in /var/www/yii/framework/web/CController.php:483
Stack trace:
#0 /var/www/yii/framework/web/CController.php(270): CController->missingAction('images')
#1 /var/www/yii/framework/web/CWebApplication.php(282): CController->run('images')
#2 /var/www/yii/framework/web/CWebApplication.php(141): CWebApplication->runController('lecciones/image...')
#3 /var/www/yii/framework/base/CApplication.php(169): CWebApplication->processRequest()
#4 /var/www/condor-tutorial-master/index.php(13): CApplication->run()
#5 {main}
REQUEST_URI=/condor-tutorial-master/lecciones/images/cuc-logo.png
HTTP_REFERER=http://localhost/condor-tutorial-master/lecciones/create
---
2013/06/14 16:38:54 [error] [exception.CHttpException.404] exception 'CHttpException' with message 'El sistema no ha podido encontrar la acción "images" solicitada.' in /var/www/yii/framework/web/CController.php:483
Stack trace:
#0 /var/www/yii/framework/web/CController.php(270): CController->missingAction('images')
#1 /var/www/yii/framework/web/CWebApplication.php(282): CController->run('images')
#2 /var/www/yii/framework/web/CWebApplication.php(141): CWebApplication->runController('lecciones/image...')
#3 /var/www/yii/framework/base/CApplication.php(169): CWebApplication->processRequest()
#4 /var/www/condor-tutorial-master/index.php(13): CApplication->run()
#5 {main}
REQUEST_URI=/condor-tutorial-master/lecciones/images/88x31.png
HTTP_REFERER=http://localhost/condor-tutorial-master/lecciones/create
---
2013/06/14 16:38:54 [error] [exception.CHttpException.404] exception 'CHttpException' with message 'El sistema no ha podido encontrar la acción "images" solicitada.' in /var/www/yii/framework/web/CController.php:483
Stack trace:
#0 /var/www/yii/framework/web/CController.php(270): CController->missingAction('images')
#1 /var/www/yii/framework/web/CWebApplication.php(282): CController->run('images')
#2 /var/www/yii/framework/web/CWebApplication.php(141): CWebApplication->runController('lecciones/image...')
#3 /var/www/yii/framework/base/CApplication.php(169): CWebApplication->processRequest()
#4 /var/www/condor-tutorial-master/index.php(13): CApplication->run()
#5 {main}
REQUEST_URI=/condor-tutorial-master/lecciones/images/cuc-logo.png
HTTP_REFERER=http://localhost/condor-tutorial-master/lecciones/create
---
2013/06/14 16:38:54 [error] [exception.CHttpException.404] exception 'CHttpException' with message 'El sistema no ha podido encontrar la acción "images" solicitada.' in /var/www/yii/framework/web/CController.php:483
Stack trace:
#0 /var/www/yii/framework/web/CController.php(270): CController->missingAction('images')
#1 /var/www/yii/framework/web/CWebApplication.php(282): CController->run('images')
#2 /var/www/yii/framework/web/CWebApplication.php(141): CWebApplication->runController('lecciones/image...')
#3 /var/www/yii/framework/base/CApplication.php(169): CWebApplication->processRequest()
#4 /var/www/condor-tutorial-master/index.php(13): CApplication->run()
#5 {main}
REQUEST_URI=/condor-tutorial-master/lecciones/images/88x31.png
HTTP_REFERER=http://localhost/condor-tutorial-master/lecciones/create
---
2013/06/14 16:39:04 [error] [exception.CHttpException.404] exception 'CHttpException' with message 'El sistema no ha podido encontrar la acción "images" solicitada.' in /var/www/yii/framework/web/CController.php:483
Stack trace:
#0 /var/www/yii/framework/web/CController.php(270): CController->missingAction('images')
#1 /var/www/yii/framework/web/CWebApplication.php(282): CController->run('images')
#2 /var/www/yii/framework/web/CWebApplication.php(141): CWebApplication->runController('lecciones/image...')
#3 /var/www/yii/framework/base/CApplication.php(169): CWebApplication->processRequest()
#4 /var/www/condor-tutorial-master/index.php(13): CApplication->run()
#5 {main}
REQUEST_URI=/condor-tutorial-master/lecciones/images/cuc-logo.png
HTTP_REFERER=http://localhost/condor-tutorial-master/lecciones/create
---
2013/06/14 16:39:04 [error] [exception.CHttpException.404] exception 'CHttpException' with message 'El sistema no ha podido encontrar la acción "images" solicitada.' in /var/www/yii/framework/web/CController.php:483
Stack trace:
#0 /var/www/yii/framework/web/CController.php(270): CController->missingAction('images')
#1 /var/www/yii/framework/web/CWebApplication.php(282): CController->run('images')
#2 /var/www/yii/framework/web/CWebApplication.php(141): CWebApplication->runController('lecciones/image...')
#3 /var/www/yii/framework/base/CApplication.php(169): CWebApplication->processRequest()
#4 /var/www/condor-tutorial-master/index.php(13): CApplication->run()
#5 {main}
REQUEST_URI=/condor-tutorial-master/lecciones/images/88x31.png
HTTP_REFERER=http://localhost/condor-tutorial-master/lecciones/create
---
2013/06/14 16:39:10 [error] [exception.CHttpException.404] exception 'CHttpException' with message 'El sistema no ha podido encontrar la acción "images" solicitada.' in /var/www/yii/framework/web/CController.php:483
Stack trace:
#0 /var/www/yii/framework/web/CController.php(270): CController->missingAction('images')
#1 /var/www/yii/framework/web/CWebApplication.php(282): CController->run('images')
#2 /var/www/yii/framework/web/CWebApplication.php(141): CWebApplication->runController('lecciones/image...')
#3 /var/www/yii/framework/base/CApplication.php(169): CWebApplication->processRequest()
#4 /var/www/condor-tutorial-master/index.php(13): CApplication->run()
#5 {main}
REQUEST_URI=/condor-tutorial-master/lecciones/images/88x31.png
HTTP_REFERER=http://localhost/condor-tutorial-master/lecciones/create
---
2013/06/14 16:39:10 [error] [exception.CHttpException.404] exception 'CHttpException' with message 'El sistema no ha podido encontrar la acción "images" solicitada.' in /var/www/yii/framework/web/CController.php:483
Stack trace:
#0 /var/www/yii/framework/web/CController.php(270): CController->missingAction('images')
#1 /var/www/yii/framework/web/CWebApplication.php(282): CController->run('images')
#2 /var/www/yii/framework/web/CWebApplication.php(141): CWebApplication->runController('lecciones/image...')
#3 /var/www/yii/framework/base/CApplication.php(169): CWebApplication->processRequest()
#4 /var/www/condor-tutorial-master/index.php(13): CApplication->run()
#5 {main}
REQUEST_URI=/condor-tutorial-master/lecciones/images/cuc-logo.png
HTTP_REFERER=http://localhost/condor-tutorial-master/lecciones/create
---
2013/06/14 16:40:02 [error] [exception.CHttpException.404] exception 'CHttpException' with message 'El sistema no ha podido encontrar la acción "images" solicitada.' in /var/www/yii/framework/web/CController.php:483
Stack trace:
#0 /var/www/yii/framework/web/CController.php(270): CController->missingAction('images')
#1 /var/www/yii/framework/web/CWebApplication.php(282): CController->run('images')
#2 /var/www/yii/framework/web/CWebApplication.php(141): CWebApplication->runController('Contenidos/imag...')
#3 /var/www/yii/framework/base/CApplication.php(169): CWebApplication->processRequest()
#4 /var/www/condor-tutorial-master/index.php(13): CApplication->run()
#5 {main}
REQUEST_URI=/condor-tutorial-master/Contenidos/images/cuc-logo.png
HTTP_REFERER=http://localhost/condor-tutorial-master/Contenidos/index
---
2013/06/14 16:40:02 [error] [exception.CHttpException.404] exception 'CHttpException' with message 'El sistema no ha podido encontrar la acción "images" solicitada.' in /var/www/yii/framework/web/CController.php:483
Stack trace:
#0 /var/www/yii/framework/web/CController.php(270): CController->missingAction('images')
#1 /var/www/yii/framework/web/CWebApplication.php(282): CController->run('images')
#2 /var/www/yii/framework/web/CWebApplication.php(141): CWebApplication->runController('Contenidos/imag...')
#3 /var/www/yii/framework/base/CApplication.php(169): CWebApplication->processRequest()
#4 /var/www/condor-tutorial-master/index.php(13): CApplication->run()
#5 {main}
REQUEST_URI=/condor-tutorial-master/Contenidos/images/88x31.png
HTTP_REFERER=http://localhost/condor-tutorial-master/Contenidos/index
---
2013/06/14 16:40:03 [error] [exception.CHttpException.404] exception 'CHttpException' with message 'El sistema no ha podido encontrar la acción "images" solicitada.' in /var/www/yii/framework/web/CController.php:483
Stack trace:
#0 /var/www/yii/framework/web/CController.php(270): CController->missingAction('images')
#1 /var/www/yii/framework/web/CWebApplication.php(282): CController->run('images')
#2 /var/www/yii/framework/web/CWebApplication.php(141): CWebApplication->runController('Contenidos/imag...')
#3 /var/www/yii/framework/base/CApplication.php(169): CWebApplication->processRequest()
#4 /var/www/condor-tutorial-master/index.php(13): CApplication->run()
#5 {main}
REQUEST_URI=/condor-tutorial-master/Contenidos/images/88x31.png
HTTP_REFERER=http://localhost/condor-tutorial-master/Contenidos/index
---
2013/06/14 16:40:03 [error] [exception.CHttpException.404] exception 'CHttpException' with message 'El sistema no ha podido encontrar la acción "images" solicitada.' in /var/www/yii/framework/web/CController.php:483
Stack trace:
#0 /var/www/yii/framework/web/CController.php(270): CController->missingAction('images')
#1 /var/www/yii/framework/web/CWebApplication.php(282): CController->run('images')
#2 /var/www/yii/framework/web/CWebApplication.php(141): CWebApplication->runController('Contenidos/imag...')
#3 /var/www/yii/framework/base/CApplication.php(169): CWebApplication->processRequest()
#4 /var/www/condor-tutorial-master/index.php(13): CApplication->run()
#5 {main}
REQUEST_URI=/condor-tutorial-master/Contenidos/images/cuc-logo.png
HTTP_REFERER=http://localhost/condor-tutorial-master/Contenidos/index
---
2013/06/14 16:43:01 [error] [exception.CHttpException.404] exception 'CHttpException' with message 'El sistema no ha podido encontrar la acción "images" solicitada.' in /var/www/yii/framework/web/CController.php:483
Stack trace:
#0 /var/www/yii/framework/web/CController.php(270): CController->missingAction('images')
#1 /var/www/yii/framework/web/CWebApplication.php(282): CController->run('images')
#2 /var/www/yii/framework/web/CWebApplication.php(141): CWebApplication->runController('Lecciones/image...')
#3 /var/www/yii/framework/base/CApplication.php(169): CWebApplication->processRequest()
#4 /var/www/condor-tutorial-master/index.php(13): CApplication->run()
#5 {main}
REQUEST_URI=/condor-tutorial-master/Lecciones/images/88x31.png
HTTP_REFERER=http://localhost/condor-tutorial-master/Lecciones/index
---
2013/06/14 16:43:01 [error] [exception.CHttpException.404] exception 'CHttpException' with message 'El sistema no ha podido encontrar la acción "images" solicitada.' in /var/www/yii/framework/web/CController.php:483
Stack trace:
#0 /var/www/yii/framework/web/CController.php(270): CController->missingAction('images')
#1 /var/www/yii/framework/web/CWebApplication.php(282): CController->run('images')
#2 /var/www/yii/framework/web/CWebApplication.php(141): CWebApplication->runController('Lecciones/image...')
#3 /var/www/yii/framework/base/CApplication.php(169): CWebApplication->processRequest()
#4 /var/www/condor-tutorial-master/index.php(13): CApplication->run()
#5 {main}
REQUEST_URI=/condor-tutorial-master/Lecciones/images/cuc-logo.png
HTTP_REFERER=http://localhost/condor-tutorial-master/Lecciones/index
---
2013/06/14 16:43:03 [error] [exception.CHttpException.404] exception 'CHttpException' with message 'El sistema no ha podido encontrar la acción "images" solicitada.' in /var/www/yii/framework/web/CController.php:483
Stack trace:
#0 /var/www/yii/framework/web/CController.php(270): CController->missingAction('images')
#1 /var/www/yii/framework/web/CWebApplication.php(282): CController->run('images')
#2 /var/www/yii/framework/web/CWebApplication.php(141): CWebApplication->runController('lecciones/image...')
#3 /var/www/yii/framework/base/CApplication.php(169): CWebApplication->processRequest()
#4 /var/www/condor-tutorial-master/index.php(13): CApplication->run()
#5 {main}
REQUEST_URI=/condor-tutorial-master/lecciones/images/cuc-logo.png
HTTP_REFERER=http://localhost/condor-tutorial-master/lecciones/create
---
2013/06/14 16:43:03 [error] [exception.CHttpException.404] exception 'CHttpException' with message 'El sistema no ha podido encontrar la acción "images" solicitada.' in /var/www/yii/framework/web/CController.php:483
Stack trace:
#0 /var/www/yii/framework/web/CController.php(270): CController->missingAction('images')
#1 /var/www/yii/framework/web/CWebApplication.php(282): CController->run('images')
#2 /var/www/yii/framework/web/CWebApplication.php(141): CWebApplication->runController('lecciones/image...')
#3 /var/www/yii/framework/base/CApplication.php(169): CWebApplication->processRequest()
#4 /var/www/condor-tutorial-master/index.php(13): CApplication->run()
#5 {main}
REQUEST_URI=/condor-tutorial-master/lecciones/images/88x31.png
HTTP_REFERER=http://localhost/condor-tutorial-master/lecciones/create
---
2013/06/14 16:43:16 [error] [exception.CHttpException.404] exception 'CHttpException' with message 'El sistema no ha podido encontrar la acción "images" solicitada.' in /var/www/yii/framework/web/CController.php:483
Stack trace:
#0 /var/www/yii/framework/web/CController.php(270): CController->missingAction('images')
#1 /var/www/yii/framework/web/CWebApplication.php(282): CController->run('images')
#2 /var/www/yii/framework/web/CWebApplication.php(141): CWebApplication->runController('Lecciones/image...')
#3 /var/www/yii/framework/base/CApplication.php(169): CWebApplication->processRequest()
#4 /var/www/condor-tutorial-master/index.php(13): CApplication->run()
#5 {main}
REQUEST_URI=/condor-tutorial-master/Lecciones/images/88x31.png
HTTP_REFERER=http://localhost/condor-tutorial-master/Lecciones/index
---
2013/06/14 16:43:16 [error] [exception.CHttpException.404] exception 'CHttpException' with message 'El sistema no ha podido encontrar la acción "images" solicitada.' in /var/www/yii/framework/web/CController.php:483
Stack trace:
#0 /var/www/yii/framework/web/CController.php(270): CController->missingAction('images')
#1 /var/www/yii/framework/web/CWebApplication.php(282): CController->run('images')
#2 /var/www/yii/framework/web/CWebApplication.php(141): CWebApplication->runController('Lecciones/image...')
#3 /var/www/yii/framework/base/CApplication.php(169): CWebApplication->processRequest()
#4 /var/www/condor-tutorial-master/index.php(13): CApplication->run()
#5 {main}
REQUEST_URI=/condor-tutorial-master/Lecciones/images/cuc-logo.png
HTTP_REFERER=http://localhost/condor-tutorial-master/Lecciones/index
---
2013/06/14 16:43:18 [error] [exception.CHttpException.404] exception 'CHttpException' with message 'El sistema no ha podido encontrar la acción "images" solicitada.' in /var/www/yii/framework/web/CController.php:483
Stack trace:
#0 /var/www/yii/framework/web/CController.php(270): CController->missingAction('images')
#1 /var/www/yii/framework/web/CWebApplication.php(282): CController->run('images')
#2 /var/www/yii/framework/web/CWebApplication.php(141): CWebApplication->runController('lecciones/image...')
#3 /var/www/yii/framework/base/CApplication.php(169): CWebApplication->processRequest()
#4 /var/www/condor-tutorial-master/index.php(13): CApplication->run()
#5 {main}
REQUEST_URI=/condor-tutorial-master/lecciones/images/88x31.png
HTTP_REFERER=http://localhost/condor-tutorial-master/lecciones/admin
---
2013/06/14 16:43:18 [error] [exception.CHttpException.404] exception 'CHttpException' with message 'El sistema no ha podido encontrar la acción "images" solicitada.' in /var/www/yii/framework/web/CController.php:483
Stack trace:
#0 /var/www/yii/framework/web/CController.php(270): CController->missingAction('images')
#1 /var/www/yii/framework/web/CWebApplication.php(282): CController->run('images')
#2 /var/www/yii/framework/web/CWebApplication.php(141): CWebApplication->runController('lecciones/image...')
#3 /var/www/yii/framework/base/CApplication.php(169): CWebApplication->processRequest()
#4 /var/www/condor-tutorial-master/index.php(13): CApplication->run()
#5 {main}
REQUEST_URI=/condor-tutorial-master/lecciones/images/cuc-logo.png
HTTP_REFERER=http://localhost/condor-tutorial-master/lecciones/admin
---
2013/06/14 16:43:26 [error] [exception.CHttpException.404] exception 'CHttpException' with message 'El sistema no ha podido encontrar la acción "images" solicitada.' in /var/www/yii/framework/web/CController.php:483
Stack trace:
#0 /var/www/yii/framework/web/CController.php(270): CController->missingAction('images')
#1 /var/www/yii/framework/web/CWebApplication.php(282): CController->run('images')
#2 /var/www/yii/framework/web/CWebApplication.php(141): CWebApplication->runController('Contenidos/imag...')
#3 /var/www/yii/framework/base/CApplication.php(169): CWebApplication->processRequest()
#4 /var/www/condor-tutorial-master/index.php(13): CApplication->run()
#5 {main}
REQUEST_URI=/condor-tutorial-master/Contenidos/images/88x31.png
HTTP_REFERER=http://localhost/condor-tutorial-master/Contenidos/index
---
2013/06/14 16:43:26 [error] [exception.CHttpException.404] exception 'CHttpException' with message 'El sistema no ha podido encontrar la acción "images" solicitada.' in /var/www/yii/framework/web/CController.php:483
Stack trace:
#0 /var/www/yii/framework/web/CController.php(270): CController->missingAction('images')
#1 /var/www/yii/framework/web/CWebApplication.php(282): CController->run('images')
#2 /var/www/yii/framework/web/CWebApplication.php(141): CWebApplication->runController('Contenidos/imag...')
#3 /var/www/yii/framework/base/CApplication.php(169): CWebApplication->processRequest()
#4 /var/www/condor-tutorial-master/index.php(13): CApplication->run()
#5 {main}
REQUEST_URI=/condor-tutorial-master/Contenidos/images/cuc-logo.png
HTTP_REFERER=http://localhost/condor-tutorial-master/Contenidos/index
---
2013/06/14 16:43:36 [error] [exception.CHttpException.404] exception 'CHttpException' with message 'El sistema no ha podido encontrar la acción "images" solicitada.' in /var/www/yii/framework/web/CController.php:483
Stack trace:
#0 /var/www/yii/framework/web/CController.php(270): CController->missingAction('images')
#1 /var/www/yii/framework/web/CWebApplication.php(282): CController->run('images')
#2 /var/www/yii/framework/web/CWebApplication.php(141): CWebApplication->runController('contenidos/imag...')
#3 /var/www/yii/framework/base/CApplication.php(169): CWebApplication->processRequest()
#4 /var/www/condor-tutorial-master/index.php(13): CApplication->run()
#5 {main}
REQUEST_URI=/condor-tutorial-master/contenidos/images/88x31.png
HTTP_REFERER=http://localhost/condor-tutorial-master/contenidos/create
---
2013/06/14 16:43:36 [error] [exception.CHttpException.404] exception 'CHttpException' with message 'El sistema no ha podido encontrar la acción "images" solicitada.' in /var/www/yii/framework/web/CController.php:483
Stack trace:
#0 /var/www/yii/framework/web/CController.php(270): CController->missingAction('images')
#1 /var/www/yii/framework/web/CWebApplication.php(282): CController->run('images')
#2 /var/www/yii/framework/web/CWebApplication.php(141): CWebApplication->runController('contenidos/imag...')
#3 /var/www/yii/framework/base/CApplication.php(169): CWebApplication->processRequest()
#4 /var/www/condor-tutorial-master/index.php(13): CApplication->run()
#5 {main}
REQUEST_URI=/condor-tutorial-master/contenidos/images/cuc-logo.png
HTTP_REFERER=http://localhost/condor-tutorial-master/contenidos/create
---
